{"level":"info","message":"Initializing database...","service":"twitter-api-app","timestamp":"2025-05-09T01:53:55.192Z"}
{"level":"info","message":"Connecting to MongoDB...","service":"twitter-api-app","timestamp":"2025-05-09T01:53:55.193Z"}
{"level":"info","message":"Connected to MongoDB successfully","service":"twitter-api-app","timestamp":"2025-05-09T01:53:55.726Z"}
{"level":"info","message":"Connected to MongoDB","service":"twitter-api-app","timestamp":"2025-05-09T01:53:55.727Z"}
{"level":"info","message":"Creating teams...","service":"twitter-api-app","timestamp":"2025-05-09T01:53:55.727Z"}
{"level":"info","message":"Finding or creating team","service":"twitter-api-app","teamData":{"city":"Los Angeles","externalId":"lakers","league":"NBA","logo":"https://content.sportslogos.net/logos/6/17/thumbs/177.png","name":"Los Angeles Lakers","sport":"Basketball","state":"California"},"timestamp":"2025-05-09T01:53:55.727Z"}
{"externalId":"lakers","level":"info","message":"Finding team by external ID","service":"twitter-api-app","timestamp":"2025-05-09T01:53:55.728Z"}
{"level":"info","message":"Created/found team: Los Angeles Lakers","service":"twitter-api-app","timestamp":"2025-05-09T01:53:55.938Z"}
{"level":"info","message":"Finding or creating team","service":"twitter-api-app","teamData":{"city":"Boston","externalId":"celtics","league":"NBA","logo":"https://content.sportslogos.net/logos/6/213/thumbs/slhg02hbef3j1ov4lsnwyol5o.png","name":"Boston Celtics","sport":"Basketball","state":"Massachusetts"},"timestamp":"2025-05-09T01:53:55.938Z"}
{"externalId":"celtics","level":"info","message":"Finding team by external ID","service":"twitter-api-app","timestamp":"2025-05-09T01:53:55.939Z"}
{"level":"info","message":"Created/found team: Boston Celtics","service":"twitter-api-app","timestamp":"2025-05-09T01:53:56.050Z"}
{"level":"info","message":"Finding or creating team","service":"twitter-api-app","teamData":{"city":"San Francisco","externalId":"warriors","league":"NBA","logo":"https://content.sportslogos.net/logos/6/235/thumbs/23531522020.png","name":"Golden State Warriors","sport":"Basketball","state":"California"},"timestamp":"2025-05-09T01:53:56.050Z"}
{"externalId":"warriors","level":"info","message":"Finding team by external ID","service":"twitter-api-app","timestamp":"2025-05-09T01:53:56.051Z"}
{"level":"info","message":"Created/found team: Golden State Warriors","service":"twitter-api-app","timestamp":"2025-05-09T01:53:56.162Z"}
{"level":"info","message":"Finding or creating team","service":"twitter-api-app","teamData":{"city":"Miami","externalId":"heat","league":"NBA","logo":"https://content.sportslogos.net/logos/6/214/thumbs/burm5gh2wvjti3xhei5h16k8e.png","name":"Miami Heat","sport":"Basketball","state":"Florida"},"timestamp":"2025-05-09T01:53:56.163Z"}
{"externalId":"heat","level":"info","message":"Finding team by external ID","service":"twitter-api-app","timestamp":"2025-05-09T01:53:56.163Z"}
{"level":"info","message":"Created/found team: Miami Heat","service":"twitter-api-app","timestamp":"2025-05-09T01:53:56.233Z"}
{"level":"info","message":"Finding or creating team","service":"twitter-api-app","teamData":{"city":"Chicago","externalId":"bulls","league":"NBA","logo":"https://content.sportslogos.net/logos/6/221/thumbs/hj3gmh82w9hffmeh3fjm5h874.png","name":"Chicago Bulls","sport":"Basketball","state":"Illinois"},"timestamp":"2025-05-09T01:53:56.233Z"}
{"externalId":"bulls","level":"info","message":"Finding team by external ID","service":"twitter-api-app","timestamp":"2025-05-09T01:53:56.233Z"}
{"level":"info","message":"Created/found team: Chicago Bulls","service":"twitter-api-app","timestamp":"2025-05-09T01:53:56.278Z"}
{"level":"info","message":"Finding or creating team","service":"twitter-api-app","teamData":{"city":"Kansas City","externalId":"chiefs","league":"NFL","logo":"https://content.sportslogos.net/logos/7/162/thumbs/857.png","name":"Kansas City Chiefs","sport":"Football","state":"Missouri"},"timestamp":"2025-05-09T01:53:56.279Z"}
{"externalId":"chiefs","level":"info","message":"Finding team by external ID","service":"twitter-api-app","timestamp":"2025-05-09T01:53:56.279Z"}
{"level":"info","message":"Created/found team: Kansas City Chiefs","service":"twitter-api-app","timestamp":"2025-05-09T01:53:56.321Z"}
{"level":"info","message":"Finding or creating team","service":"twitter-api-app","teamData":{"city":"San Francisco","externalId":"49ers","league":"NFL","logo":"https://content.sportslogos.net/logos/7/179/thumbs/17994552009.png","name":"San Francisco 49ers","sport":"Football","state":"California"},"timestamp":"2025-05-09T01:53:56.321Z"}
{"externalId":"49ers","level":"info","message":"Finding team by external ID","service":"twitter-api-app","timestamp":"2025-05-09T01:53:56.321Z"}
{"level":"info","message":"Created/found team: San Francisco 49ers","service":"twitter-api-app","timestamp":"2025-05-09T01:53:56.364Z"}
{"level":"info","message":"Finding or creating team","service":"twitter-api-app","teamData":{"city":"Dallas","externalId":"cowboys","league":"NFL","logo":"https://content.sportslogos.net/logos/7/165/thumbs/406.png","name":"Dallas Cowboys","sport":"Football","state":"Texas"},"timestamp":"2025-05-09T01:53:56.365Z"}
{"externalId":"cowboys","level":"info","message":"Finding team by external ID","service":"twitter-api-app","timestamp":"2025-05-09T01:53:56.365Z"}
{"level":"info","message":"Created/found team: Dallas Cowboys","service":"twitter-api-app","timestamp":"2025-05-09T01:53:56.409Z"}
{"level":"info","message":"Finding or creating team","service":"twitter-api-app","teamData":{"city":"Green Bay","externalId":"packers","league":"NFL","logo":"https://content.sportslogos.net/logos/7/171/thumbs/dcy03myfhffbki5d7il3.png","name":"Green Bay Packers","sport":"Football","state":"Wisconsin"},"timestamp":"2025-05-09T01:53:56.409Z"}
{"externalId":"packers","level":"info","message":"Finding team by external ID","service":"twitter-api-app","timestamp":"2025-05-09T01:53:56.409Z"}
{"level":"info","message":"Created/found team: Green Bay Packers","service":"twitter-api-app","timestamp":"2025-05-09T01:53:56.452Z"}
{"level":"info","message":"Finding or creating team","service":"twitter-api-app","teamData":{"city":"Foxborough","externalId":"patriots","league":"NFL","logo":"https://content.sportslogos.net/logos/7/151/thumbs/y71myf8mlwlk8lbgagh3fd5e0.png","name":"New England Patriots","sport":"Football","state":"Massachusetts"},"timestamp":"2025-05-09T01:53:56.453Z"}
{"externalId":"patriots","level":"info","message":"Finding team by external ID","service":"twitter-api-app","timestamp":"2025-05-09T01:53:56.453Z"}
{"level":"info","message":"Created/found team: New England Patriots","service":"twitter-api-app","timestamp":"2025-05-09T01:53:56.496Z"}
{"level":"info","message":"Finding or creating team","service":"twitter-api-app","teamData":{"city":"New York","externalId":"yankees","league":"MLB","logo":"https://content.sportslogos.net/logos/53/68/thumbs/1256.png","name":"New York Yankees","sport":"Baseball","state":"New York"},"timestamp":"2025-05-09T01:53:56.496Z"}
{"externalId":"yankees","level":"info","message":"Finding team by external ID","service":"twitter-api-app","timestamp":"2025-05-09T01:53:56.497Z"}
{"level":"info","message":"Created/found team: New York Yankees","service":"twitter-api-app","timestamp":"2025-05-09T01:53:56.538Z"}
{"level":"info","message":"Finding or creating team","service":"twitter-api-app","teamData":{"city":"Boston","externalId":"redsox","league":"MLB","logo":"https://content.sportslogos.net/logos/53/53/thumbs/c0whfsa9j0vbs079opk2s05lx.png","name":"Boston Red Sox","sport":"Baseball","state":"Massachusetts"},"timestamp":"2025-05-09T01:53:56.539Z"}
{"externalId":"redsox","level":"info","message":"Finding team by external ID","service":"twitter-api-app","timestamp":"2025-05-09T01:53:56.539Z"}
{"level":"info","message":"Created/found team: Boston Red Sox","service":"twitter-api-app","timestamp":"2025-05-09T01:53:56.583Z"}
{"level":"info","message":"Finding or creating team","service":"twitter-api-app","teamData":{"city":"Los Angeles","externalId":"dodgers","league":"MLB","logo":"https://content.sportslogos.net/logos/54/63/thumbs/efvfv5b5g1zgpsf56gb04lthx.png","name":"Los Angeles Dodgers","sport":"Baseball","state":"California"},"timestamp":"2025-05-09T01:53:56.583Z"}
{"externalId":"dodgers","level":"info","message":"Finding team by external ID","service":"twitter-api-app","timestamp":"2025-05-09T01:53:56.584Z"}
{"level":"info","message":"Created/found team: Los Angeles Dodgers","service":"twitter-api-app","timestamp":"2025-05-09T01:53:56.628Z"}
{"level":"info","message":"Finding or creating team","service":"twitter-api-app","teamData":{"city":"Chicago","externalId":"cubs","league":"MLB","logo":"https://content.sportslogos.net/logos/54/54/thumbs/q9gvs07u72gc9xr3395u6jh68.png","name":"Chicago Cubs","sport":"Baseball","state":"Illinois"},"timestamp":"2025-05-09T01:53:56.628Z"}
{"externalId":"cubs","level":"info","message":"Finding team by external ID","service":"twitter-api-app","timestamp":"2025-05-09T01:53:56.629Z"}
{"level":"info","message":"Created/found team: Chicago Cubs","service":"twitter-api-app","timestamp":"2025-05-09T01:53:56.672Z"}
{"level":"info","message":"Finding or creating team","service":"twitter-api-app","teamData":{"city":"Houston","externalId":"astros","league":"MLB","logo":"https://content.sportslogos.net/logos/53/4929/thumbs/9503_houston_astros_logo_2013.png","name":"Houston Astros","sport":"Baseball","state":"Texas"},"timestamp":"2025-05-09T01:53:56.673Z"}
{"externalId":"astros","level":"info","message":"Finding team by external ID","service":"twitter-api-app","timestamp":"2025-05-09T01:53:56.673Z"}
{"level":"info","message":"Created/found team: Houston Astros","service":"twitter-api-app","timestamp":"2025-05-09T01:53:56.717Z"}
{"level":"info","message":"Creating games...","service":"twitter-api-app","timestamp":"2025-05-09T01:53:56.717Z"}
{"gameData":{"awayTeam":"681d5f787f8b8bcee857be00","externalId":"nba-1","homeTeam":"681d5f787f8b8bcee857bdf8","league":"NBA","sport":"Basketball","startTime":"2025-05-09T01:00:00.000Z","status":"scheduled","venue":"Staples Center"},"level":"info","message":"Finding or creating game","service":"twitter-api-app","timestamp":"2025-05-09T01:53:56.721Z"}
{"externalId":"nba-1","level":"info","message":"Finding game by external ID","service":"twitter-api-app","timestamp":"2025-05-09T01:53:56.722Z"}
{"level":"info","message":"Created/found game: Basketball - nba-1","service":"twitter-api-app","timestamp":"2025-05-09T01:53:56.819Z"}
{"gameData":{"awayTeam":"681d5f787f8b8bcee857be12","externalId":"nba-2","homeTeam":"681d5f787f8b8bcee857be08","league":"NBA","sport":"Basketball","startTime":"2025-05-09T00:30:00.000Z","status":"scheduled","venue":"Chase Center"},"level":"info","message":"Finding or creating game","service":"twitter-api-app","timestamp":"2025-05-09T01:53:56.819Z"}
{"externalId":"nba-2","level":"info","message":"Finding game by external ID","service":"twitter-api-app","timestamp":"2025-05-09T01:53:56.819Z"}
{"level":"info","message":"Created/found game: Basketball - nba-2","service":"twitter-api-app","timestamp":"2025-05-09T01:53:56.906Z"}
{"gameData":{"awayTeam":"681d5f787f8b8bcee857bdf8","externalId":"nba-3","homeTeam":"681d5f787f8b8bcee857be16","league":"NBA","sport":"Basketball","startTime":"2025-05-11T01:53:56.721Z","status":"scheduled","venue":"United Center"},"level":"info","message":"Finding or creating game","service":"twitter-api-app","timestamp":"2025-05-09T01:53:56.906Z"}
{"externalId":"nba-3","level":"info","message":"Finding game by external ID","service":"twitter-api-app","timestamp":"2025-05-09T01:53:56.906Z"}
{"level":"info","message":"Created/found game: Basketball - nba-3","service":"twitter-api-app","timestamp":"2025-05-09T01:53:56.996Z"}
{"gameData":{"awayTeam":"681d5f797f8b8bcee857be1e","externalId":"nfl-1","homeTeam":"681d5f787f8b8bcee857be1a","league":"NFL","sport":"Football","startTime":"2025-05-08T21:30:00.000Z","status":"scheduled","venue":"Arrowhead Stadium"},"level":"info","message":"Finding or creating game","service":"twitter-api-app","timestamp":"2025-05-09T01:53:56.996Z"}
{"externalId":"nfl-1","level":"info","message":"Finding game by external ID","service":"twitter-api-app","timestamp":"2025-05-09T01:53:56.997Z"}
{"level":"info","message":"Created/found game: Football - nfl-1","service":"twitter-api-app","timestamp":"2025-05-09T01:53:57.086Z"}
{"gameData":{"awayTeam":"681d5f797f8b8bcee857be26","externalId":"nfl-2","homeTeam":"681d5f797f8b8bcee857be22","league":"NFL","sport":"Football","startTime":"2025-05-08T18:00:00.000Z","status":"scheduled","venue":"AT&T Stadium"},"level":"info","message":"Finding or creating game","service":"twitter-api-app","timestamp":"2025-05-09T01:53:57.086Z"}
{"externalId":"nfl-2","level":"info","message":"Finding game by external ID","service":"twitter-api-app","timestamp":"2025-05-09T01:53:57.087Z"}
{"level":"info","message":"Created/found game: Football - nfl-2","service":"twitter-api-app","timestamp":"2025-05-09T01:53:57.180Z"}
{"gameData":{"awayTeam":"681d5f797f8b8bcee857be32","externalId":"mlb-1","homeTeam":"681d5f797f8b8bcee857be2e","league":"MLB","sport":"Baseball","startTime":"2025-05-09T00:00:00.000Z","status":"scheduled","venue":"Yankee Stadium"},"level":"info","message":"Finding or creating game","service":"twitter-api-app","timestamp":"2025-05-09T01:53:57.180Z"}
{"externalId":"mlb-1","level":"info","message":"Finding game by external ID","service":"twitter-api-app","timestamp":"2025-05-09T01:53:57.180Z"}
{"level":"info","message":"Created/found game: Baseball - mlb-1","service":"twitter-api-app","timestamp":"2025-05-09T01:53:57.263Z"}
{"gameData":{"awayTeam":"681d5f797f8b8bcee857be3a","externalId":"mlb-2","homeTeam":"681d5f797f8b8bcee857be36","league":"MLB","sport":"Baseball","startTime":"2025-05-09T00:10:00.000Z","status":"scheduled","venue":"Dodger Stadium"},"level":"info","message":"Finding or creating game","service":"twitter-api-app","timestamp":"2025-05-09T01:53:57.263Z"}
{"externalId":"mlb-2","level":"info","message":"Finding game by external ID","service":"twitter-api-app","timestamp":"2025-05-09T01:53:57.264Z"}
{"level":"info","message":"Created/found game: Baseball - mlb-2","service":"twitter-api-app","timestamp":"2025-05-09T01:53:57.348Z"}
{"level":"info","message":"Creating predictions...","service":"twitter-api-app","timestamp":"2025-05-09T01:53:57.348Z"}
{"level":"info","message":"Finding team by ID","service":"twitter-api-app","teamId":{"__v":0,"_id":"681d5f787f8b8bcee857bdf8","createdAt":"2025-05-09T01:50:48.222Z","externalId":"lakers","logo":"https://content.sportslogos.net/logos/6/17/thumbs/177.png","name":"Los Angeles Lakers","sport":"Basketball","updatedAt":"2025-05-09T01:50:48.222Z"},"timestamp":"2025-05-09T01:53:57.348Z"}
{"level":"info","message":"Finding team by ID","service":"twitter-api-app","teamId":{"__v":0,"_id":"681d5f787f8b8bcee857be00","createdAt":"2025-05-09T01:50:48.368Z","externalId":"celtics","logo":"https://content.sportslogos.net/logos/6/213/thumbs/slhg02hbef3j1ov4lsnwyol5o.png","name":"Boston Celtics","sport":"Basketball","updatedAt":"2025-05-09T01:50:48.368Z"},"timestamp":"2025-05-09T01:53:57.392Z"}
{"level":"info","message":"Finding or creating prediction","predictionData":{"date":"2025-05-09T01:53:57.435Z","explanation":"After crunching the numbers, our AI is confidently picking Los Angeles Lakers to win this one. Not only have they been on a hot streak, but our sentiment analysis of their coach's pre-game playlist shows an unusually high number of victory anthems. Meanwhile, Boston Celtics has been practicing in shoes that are statistically 0.03mm too tight, according to our advanced footwear analysis algorithm. These details matter, folks!","game":"681d5f7a7f8b8bcee857be42","predictedWinner":"home","result":"pending","votes":{"agree":29,"disagree":53}},"service":"twitter-api-app","timestamp":"2025-05-09T01:53:57.435Z"}
{"gameId":"681d5f7a7f8b8bcee857be42","level":"info","message":"Finding prediction by game ID","service":"twitter-api-app","timestamp":"2025-05-09T01:53:57.436Z"}
{"level":"info","message":"Created/found prediction for game: nba-1","service":"twitter-api-app","timestamp":"2025-05-09T01:53:57.565Z"}
{"level":"info","message":"Finding team by ID","service":"twitter-api-app","teamId":{"__v":0,"_id":"681d5f787f8b8bcee857be08","createdAt":"2025-05-09T01:50:48.497Z","externalId":"warriors","logo":"https://content.sportslogos.net/logos/6/235/thumbs/23531522020.png","name":"Golden State Warriors","sport":"Basketball","updatedAt":"2025-05-09T01:50:48.497Z"},"timestamp":"2025-05-09T01:53:57.565Z"}
{"level":"info","message":"Finding team by ID","service":"twitter-api-app","teamId":{"__v":0,"_id":"681d5f787f8b8bcee857be12","createdAt":"2025-05-09T01:50:48.621Z","externalId":"heat","logo":"https://content.sportslogos.net/logos/6/214/thumbs/burm5gh2wvjti3xhei5h16k8e.png","name":"Miami Heat","sport":"Basketball","updatedAt":"2025-05-09T01:50:48.621Z"},"timestamp":"2025-05-09T01:53:57.607Z"}
{"level":"info","message":"Finding or creating prediction","predictionData":{"date":"2025-05-09T01:53:57.650Z","explanation":"After crunching the numbers, our AI is confidently picking Golden State Warriors to win this one. Not only have they been on a hot streak, but our sentiment analysis of their coach's pre-game playlist shows an unusually high number of victory anthems. Meanwhile, Miami Heat has been practicing in shoes that are statistically 0.03mm too tight, according to our advanced footwear analysis algorithm. These details matter, folks!","game":"681d5f7a7f8b8bcee857be49","predictedWinner":"home","result":"pending","votes":{"agree":19,"disagree":81}},"service":"twitter-api-app","timestamp":"2025-05-09T01:53:57.650Z"}
{"gameId":"681d5f7a7f8b8bcee857be49","level":"info","message":"Finding prediction by game ID","service":"twitter-api-app","timestamp":"2025-05-09T01:53:57.651Z"}
{"level":"info","message":"Created/found prediction for game: nba-2","service":"twitter-api-app","timestamp":"2025-05-09T01:53:57.780Z"}
{"level":"info","message":"Finding team by ID","service":"twitter-api-app","teamId":{"__v":0,"_id":"681d5f787f8b8bcee857be16","createdAt":"2025-05-09T01:50:48.757Z","externalId":"bulls","logo":"https://content.sportslogos.net/logos/6/221/thumbs/hj3gmh82w9hffmeh3fjm5h874.png","name":"Chicago Bulls","sport":"Basketball","updatedAt":"2025-05-09T01:50:48.757Z"},"timestamp":"2025-05-09T01:53:57.781Z"}
{"level":"info","message":"Finding team by ID","service":"twitter-api-app","teamId":{"__v":0,"_id":"681d5f787f8b8bcee857bdf8","createdAt":"2025-05-09T01:50:48.222Z","externalId":"lakers","logo":"https://content.sportslogos.net/logos/6/17/thumbs/177.png","name":"Los Angeles Lakers","sport":"Basketball","updatedAt":"2025-05-09T01:50:48.222Z"},"timestamp":"2025-05-09T01:53:57.826Z"}
{"level":"info","message":"Finding or creating prediction","predictionData":{"date":"2025-05-09T01:53:57.868Z","explanation":"The data doesn't lie, and it's screaming that Los Angeles Lakers will triumph today. Our AI has detected a perfect alignment of factors: home court advantage, favorable weather patterns, and the fact that their mascot had an especially energetic performance at their last game. Meanwhile, Chicago Bulls players have been spending 17% more time on social media this week, which our algorithm correlates with decreased focus. The choice is clear!","game":"681d5f7a7f8b8bcee857be50","predictedWinner":"away","result":"pending","votes":{"agree":67,"disagree":73}},"service":"twitter-api-app","timestamp":"2025-05-09T01:53:57.869Z"}
{"gameId":"681d5f7a7f8b8bcee857be50","level":"info","message":"Finding prediction by game ID","service":"twitter-api-app","timestamp":"2025-05-09T01:53:57.869Z"}
{"level":"info","message":"Created/found prediction for game: nba-3","service":"twitter-api-app","timestamp":"2025-05-09T01:53:58.004Z"}
{"level":"info","message":"Finding team by ID","service":"twitter-api-app","teamId":{"__v":0,"_id":"681d5f787f8b8bcee857be1a","createdAt":"2025-05-09T01:50:48.884Z","externalId":"chiefs","logo":"https://content.sportslogos.net/logos/7/162/thumbs/857.png","name":"Kansas City Chiefs","sport":"Football","updatedAt":"2025-05-09T01:50:48.884Z"},"timestamp":"2025-05-09T01:53:58.004Z"}
{"level":"info","message":"Finding team by ID","service":"twitter-api-app","teamId":{"__v":0,"_id":"681d5f797f8b8bcee857be1e","createdAt":"2025-05-09T01:50:49.008Z","externalId":"49ers","logo":"https://content.sportslogos.net/logos/7/179/thumbs/17994552009.png","name":"San Francisco 49ers","sport":"Football","updatedAt":"2025-05-09T01:50:49.008Z"},"timestamp":"2025-05-09T01:53:58.047Z"}
{"level":"info","message":"Finding or creating prediction","predictionData":{"date":"2025-05-09T01:53:58.088Z","explanation":"After crunching the numbers, our AI is confidently picking Kansas City Chiefs to win this one. Not only have they been on a hot streak, but our sentiment analysis of their coach's pre-game playlist shows an unusually high number of victory anthems. Meanwhile, San Francisco 49ers has been practicing in shoes that are statistically 0.03mm too tight, according to our advanced footwear analysis algorithm. These details matter, folks!","game":"681d5f7a7f8b8bcee857be57","predictedWinner":"home","result":"pending","votes":{"agree":7,"disagree":18}},"service":"twitter-api-app","timestamp":"2025-05-09T01:53:58.088Z"}
{"gameId":"681d5f7a7f8b8bcee857be57","level":"info","message":"Finding prediction by game ID","service":"twitter-api-app","timestamp":"2025-05-09T01:53:58.088Z"}
{"level":"info","message":"Created/found prediction for game: nfl-1","service":"twitter-api-app","timestamp":"2025-05-09T01:53:58.221Z"}
{"level":"info","message":"Finding team by ID","service":"twitter-api-app","teamId":{"__v":0,"_id":"681d5f797f8b8bcee857be22","createdAt":"2025-05-09T01:50:49.135Z","externalId":"cowboys","logo":"https://content.sportslogos.net/logos/7/165/thumbs/406.png","name":"Dallas Cowboys","sport":"Football","updatedAt":"2025-05-09T01:50:49.135Z"},"timestamp":"2025-05-09T01:53:58.222Z"}
{"level":"info","message":"Finding team by ID","service":"twitter-api-app","teamId":{"__v":0,"_id":"681d5f797f8b8bcee857be26","createdAt":"2025-05-09T01:50:49.260Z","externalId":"packers","logo":"https://content.sportslogos.net/logos/7/171/thumbs/dcy03myfhffbki5d7il3.png","name":"Green Bay Packers","sport":"Football","updatedAt":"2025-05-09T01:50:49.260Z"},"timestamp":"2025-05-09T01:53:58.264Z"}
{"level":"info","message":"Finding or creating prediction","predictionData":{"date":"2025-05-09T01:53:58.305Z","explanation":"Our AI has spoken, and it's picking Dallas Cowboys with 73.6% confidence. The team's passing efficiency has improved by 8.2% in their last three games, and their hydration levels are reportedly optimal. Meanwhile, Green Bay Packers has been struggling with their third-quarter performance, possibly due to the team's recent switch to a new brand of energy bars that contain 0.5% less protein. In the world of sports analytics, these tiny details make all the difference!","game":"681d5f7b7f8b8bcee857be5e","predictedWinner":"home","result":"pending","votes":{"agree":86,"disagree":54}},"service":"twitter-api-app","timestamp":"2025-05-09T01:53:58.305Z"}
{"gameId":"681d5f7b7f8b8bcee857be5e","level":"info","message":"Finding prediction by game ID","service":"twitter-api-app","timestamp":"2025-05-09T01:53:58.305Z"}
{"level":"info","message":"Created/found prediction for game: nfl-2","service":"twitter-api-app","timestamp":"2025-05-09T01:53:58.441Z"}
{"level":"info","message":"Finding team by ID","service":"twitter-api-app","teamId":{"__v":0,"_id":"681d5f797f8b8bcee857be2e","createdAt":"2025-05-09T01:50:49.516Z","externalId":"yankees","logo":"https://content.sportslogos.net/logos/53/68/thumbs/1256.png","name":"New York Yankees","sport":"Baseball","updatedAt":"2025-05-09T01:50:49.516Z"},"timestamp":"2025-05-09T01:53:58.441Z"}
{"level":"info","message":"Finding team by ID","service":"twitter-api-app","teamId":{"__v":0,"_id":"681d5f797f8b8bcee857be32","createdAt":"2025-05-09T01:50:49.638Z","externalId":"redsox","logo":"https://content.sportslogos.net/logos/53/53/thumbs/c0whfsa9j0vbs079opk2s05lx.png","name":"Boston Red Sox","sport":"Baseball","updatedAt":"2025-05-09T01:50:49.638Z"},"timestamp":"2025-05-09T01:53:58.484Z"}
{"level":"info","message":"Finding or creating prediction","predictionData":{"date":"2025-05-09T01:53:58.526Z","explanation":"Our AI has analyzed the recent performance metrics, and it's clear that New York Yankees has a statistical edge in this matchup. Their offensive efficiency rating is off the charts, and their defense has been stifling opponents. Plus, our algorithm detected that Boston Red Sox's star player had an extra slice of pizza last night, which historically correlates with a 12% decrease in jump shot accuracy. Science!","game":"681d5f7b7f8b8bcee857be65","predictedWinner":"home","result":"pending","votes":{"agree":57,"disagree":43}},"service":"twitter-api-app","timestamp":"2025-05-09T01:53:58.526Z"}
{"gameId":"681d5f7b7f8b8bcee857be65","level":"info","message":"Finding prediction by game ID","service":"twitter-api-app","timestamp":"2025-05-09T01:53:58.527Z"}
{"level":"info","message":"Created/found prediction for game: mlb-1","service":"twitter-api-app","timestamp":"2025-05-09T01:53:58.657Z"}
{"level":"info","message":"Finding team by ID","service":"twitter-api-app","teamId":{"__v":0,"_id":"681d5f797f8b8bcee857be36","createdAt":"2025-05-09T01:50:49.761Z","externalId":"dodgers","logo":"https://content.sportslogos.net/logos/54/63/thumbs/efvfv5b5g1zgpsf56gb04lthx.png","name":"Los Angeles Dodgers","sport":"Baseball","updatedAt":"2025-05-09T01:50:49.761Z"},"timestamp":"2025-05-09T01:53:58.657Z"}
{"level":"info","message":"Finding team by ID","service":"twitter-api-app","teamId":{"__v":0,"_id":"681d5f797f8b8bcee857be3a","createdAt":"2025-05-09T01:50:49.887Z","externalId":"cubs","logo":"https://content.sportslogos.net/logos/54/54/thumbs/q9gvs07u72gc9xr3395u6jh68.png","name":"Chicago Cubs","sport":"Baseball","updatedAt":"2025-05-09T01:50:49.887Z"},"timestamp":"2025-05-09T01:53:58.699Z"}
{"level":"info","message":"Finding or creating prediction","predictionData":{"date":"2025-05-09T01:53:58.742Z","explanation":"After crunching the numbers, our AI is confidently picking Chicago Cubs to win this one. Not only have they been on a hot streak, but our sentiment analysis of their coach's pre-game playlist shows an unusually high number of victory anthems. Meanwhile, Los Angeles Dodgers has been practicing in shoes that are statistically 0.03mm too tight, according to our advanced footwear analysis algorithm. These details matter, folks!","game":"681d5f7b7f8b8bcee857be6c","predictedWinner":"away","result":"pending","votes":{"agree":16,"disagree":54}},"service":"twitter-api-app","timestamp":"2025-05-09T01:53:58.742Z"}
{"gameId":"681d5f7b7f8b8bcee857be6c","level":"info","message":"Finding prediction by game ID","service":"twitter-api-app","timestamp":"2025-05-09T01:53:58.742Z"}
{"level":"info","message":"Created/found prediction for game: mlb-2","service":"twitter-api-app","timestamp":"2025-05-09T01:53:58.876Z"}
{"level":"info","message":"Generating performance data...","service":"twitter-api-app","timestamp":"2025-05-09T01:53:58.876Z"}
{"level":"info","message":"Generating initial performance data","service":"twitter-api-app","timestamp":"2025-05-09T01:53:58.876Z"}
{"level":"info","message":"Performance data already exists, skipping generation","service":"twitter-api-app","timestamp":"2025-05-09T01:53:58.918Z"}
{"level":"info","message":"Database initialization complete!","service":"twitter-api-app","timestamp":"2025-05-09T01:53:58.919Z"}
{"level":"info","message":"Disconnecting from MongoDB...","service":"twitter-api-app","timestamp":"2025-05-09T01:53:58.919Z"}
{"level":"info","message":"Disconnected from MongoDB successfully","service":"twitter-api-app","timestamp":"2025-05-09T01:53:58.926Z"}
{"level":"info","message":"Disconnected from MongoDB","service":"twitter-api-app","timestamp":"2025-05-09T01:53:58.927Z"}
{"level":"info","message":"Connecting to MongoDB...","service":"twitter-api-app","timestamp":"2025-05-09T01:54:05.454Z"}
{"level":"info","message":"Connected to MongoDB successfully","service":"twitter-api-app","timestamp":"2025-05-09T01:54:05.951Z"}
{"level":"info","message":"Server is running on port 3000","service":"twitter-api-app","timestamp":"2025-05-09T01:54:05.956Z"}
{"level":"info","message":"Environment: development","service":"twitter-api-app","timestamp":"2025-05-09T01:54:05.956Z"}
{"level":"info","message":"Server started successfully","service":"twitter-api-app","timestamp":"2025-05-09T01:54:05.957Z"}
{"level":"info","message":"SIGINT received, shutting down gracefully","service":"twitter-api-app","timestamp":"2025-05-09T01:54:08.600Z"}
